{"/home/nicole/maude/packages/client/src/lib/api/client.ts": {"path":"/home/nicole/maude/packages/client/src/lib/api/client.ts","statementMap":{"0":{"start":{"line":2,"column":2},"end":{"line":2,"column":null}},"1":{"start":{"line":5,"column":14},"end":{"line":8,"column":null}},"2":{"start":{"line":9,"column":2},"end":{"line":12,"column":null}},"3":{"start":{"line":10,"column":17},"end":{"line":10,"column":null}},"4":{"start":{"line":10,"column":47},"end":{"line":10,"column":73}},"5":{"start":{"line":11,"column":4},"end":{"line":11,"column":null}},"6":{"start":{"line":13,"column":2},"end":{"line":13,"column":null}},"7":{"start":{"line":17,"column":19},"end":{"line":173,"column":null}},"8":{"start":{"line":19,"column":16},"end":{"line":19,"column":null}},"9":{"start":{"line":20,"column":25},"end":{"line":20,"column":null}},"10":{"start":{"line":33,"column":6},"end":{"line":36,"column":null}},"11":{"start":{"line":38,"column":6},"end":{"line":41,"column":null}},"12":{"start":{"line":42,"column":28},"end":{"line":42,"column":null}},"13":{"start":{"line":44,"column":6},"end":{"line":53,"column":null}},"14":{"start":{"line":59,"column":46},"end":{"line":59,"column":null}},"15":{"start":{"line":60,"column":6},"end":{"line":60,"column":null}},"16":{"start":{"line":60,"column":21},"end":{"line":60,"column":null}},"17":{"start":{"line":61,"column":6},"end":{"line":65,"column":null}},"18":{"start":{"line":68,"column":6},"end":{"line":71,"column":null}},"19":{"start":{"line":77,"column":16},"end":{"line":77,"column":null}},"20":{"start":{"line":78,"column":6},"end":{"line":78,"column":null}},"21":{"start":{"line":80,"column":25},"end":{"line":80,"column":null}},"22":{"start":{"line":87,"column":6},"end":{"line":90,"column":null}},"23":{"start":{"line":92,"column":6},"end":{"line":95,"column":null}},"24":{"start":{"line":96,"column":28},"end":{"line":96,"column":null}},"25":{"start":{"line":101,"column":15},"end":{"line":101,"column":null}},"26":{"start":{"line":103,"column":6},"end":{"line":106,"column":null}},"27":{"start":{"line":111,"column":23},"end":{"line":111,"column":null}},"28":{"start":{"line":113,"column":6},"end":{"line":113,"column":null}},"29":{"start":{"line":115,"column":6},"end":{"line":115,"column":null}},"30":{"start":{"line":116,"column":33},"end":{"line":116,"column":null}},"31":{"start":{"line":122,"column":16},"end":{"line":122,"column":null}},"32":{"start":{"line":123,"column":6},"end":{"line":123,"column":null}},"33":{"start":{"line":126,"column":6},"end":{"line":129,"column":null}},"34":{"start":{"line":135,"column":6},"end":{"line":137,"column":null}},"35":{"start":{"line":139,"column":21},"end":{"line":139,"column":null}},"36":{"start":{"line":140,"column":6},"end":{"line":140,"column":null}},"37":{"start":{"line":140,"column":16},"end":{"line":140,"column":null}},"38":{"start":{"line":141,"column":6},"end":{"line":141,"column":null}},"39":{"start":{"line":141,"column":17},"end":{"line":141,"column":null}},"40":{"start":{"line":142,"column":6},"end":{"line":142,"column":null}},"41":{"start":{"line":145,"column":21},"end":{"line":145,"column":null}},"42":{"start":{"line":146,"column":6},"end":{"line":146,"column":null}},"43":{"start":{"line":146,"column":16},"end":{"line":146,"column":null}},"44":{"start":{"line":147,"column":6},"end":{"line":150,"column":null}},"45":{"start":{"line":157,"column":16},"end":{"line":157,"column":null}},"46":{"start":{"line":158,"column":6},"end":{"line":158,"column":null}},"47":{"start":{"line":161,"column":6},"end":{"line":164,"column":null}},"48":{"start":{"line":165,"column":25},"end":{"line":165,"column":null}},"49":{"start":{"line":166,"column":28},"end":{"line":166,"column":null}},"50":{"start":{"line":171,"column":16},"end":{"line":171,"column":null}}},"fnMap":{"0":{"name":"request","decl":{"start":{"line":4,"column":15},"end":{"line":4,"column":26}},"loc":{"start":{"line":4,"column":76},"end":{"line":14,"column":null}},"line":4},"1":{"name":"(anonymous_1)","decl":{"start":{"line":10,"column":40},"end":{"line":10,"column":47}},"loc":{"start":{"line":10,"column":47},"end":{"line":10,"column":73}},"line":10},"2":{"name":"(anonymous_2)","decl":{"start":{"line":19,"column":10},"end":{"line":19,"column":16}},"loc":{"start":{"line":19,"column":16},"end":{"line":19,"column":null}},"line":19},"3":{"name":"(anonymous_3)","decl":{"start":{"line":20,"column":9},"end":{"line":20,"column":10}},"loc":{"start":{"line":20,"column":25},"end":{"line":20,"column":null}},"line":20},"4":{"name":"(anonymous_4)","decl":{"start":{"line":21,"column":12},"end":{"line":21,"column":13}},"loc":{"start":{"line":33,"column":6},"end":{"line":36,"column":null}},"line":33},"5":{"name":"(anonymous_5)","decl":{"start":{"line":37,"column":12},"end":{"line":37,"column":13}},"loc":{"start":{"line":38,"column":6},"end":{"line":41,"column":null}},"line":38},"6":{"name":"(anonymous_6)","decl":{"start":{"line":42,"column":12},"end":{"line":42,"column":13}},"loc":{"start":{"line":42,"column":28},"end":{"line":42,"column":null}},"line":42},"7":{"name":"(anonymous_7)","decl":{"start":{"line":43,"column":10},"end":{"line":43,"column":11}},"loc":{"start":{"line":44,"column":6},"end":{"line":53,"column":null}},"line":44},"8":{"name":"(anonymous_8)","decl":{"start":{"line":58,"column":10},"end":{"line":58,"column":11}},"loc":{"start":{"line":58,"column":82},"end":{"line":66,"column":null}},"line":58},"9":{"name":"(anonymous_9)","decl":{"start":{"line":67,"column":12},"end":{"line":67,"column":13}},"loc":{"start":{"line":68,"column":6},"end":{"line":71,"column":null}},"line":68},"10":{"name":"(anonymous_10)","decl":{"start":{"line":76,"column":10},"end":{"line":76,"column":11}},"loc":{"start":{"line":76,"column":39},"end":{"line":79,"column":null}},"line":76},"11":{"name":"(anonymous_11)","decl":{"start":{"line":80,"column":9},"end":{"line":80,"column":10}},"loc":{"start":{"line":80,"column":25},"end":{"line":80,"column":null}},"line":80},"12":{"name":"(anonymous_12)","decl":{"start":{"line":81,"column":12},"end":{"line":81,"column":13}},"loc":{"start":{"line":87,"column":6},"end":{"line":90,"column":null}},"line":87},"13":{"name":"(anonymous_13)","decl":{"start":{"line":91,"column":12},"end":{"line":91,"column":13}},"loc":{"start":{"line":92,"column":6},"end":{"line":95,"column":null}},"line":92},"14":{"name":"(anonymous_14)","decl":{"start":{"line":96,"column":12},"end":{"line":96,"column":13}},"loc":{"start":{"line":96,"column":28},"end":{"line":96,"column":null}},"line":96},"15":{"name":"(anonymous_15)","decl":{"start":{"line":101,"column":9},"end":{"line":101,"column":15}},"loc":{"start":{"line":101,"column":15},"end":{"line":101,"column":null}},"line":101},"16":{"name":"(anonymous_16)","decl":{"start":{"line":102,"column":12},"end":{"line":102,"column":13}},"loc":{"start":{"line":103,"column":6},"end":{"line":106,"column":null}},"line":103},"17":{"name":"(anonymous_17)","decl":{"start":{"line":111,"column":17},"end":{"line":111,"column":23}},"loc":{"start":{"line":111,"column":23},"end":{"line":111,"column":null}},"line":111},"18":{"name":"(anonymous_18)","decl":{"start":{"line":112,"column":15},"end":{"line":112,"column":16}},"loc":{"start":{"line":113,"column":6},"end":{"line":113,"column":null}},"line":113},"19":{"name":"(anonymous_19)","decl":{"start":{"line":114,"column":18},"end":{"line":114,"column":19}},"loc":{"start":{"line":115,"column":6},"end":{"line":115,"column":null}},"line":115},"20":{"name":"(anonymous_20)","decl":{"start":{"line":116,"column":15},"end":{"line":116,"column":16}},"loc":{"start":{"line":116,"column":33},"end":{"line":116,"column":null}},"line":116},"21":{"name":"(anonymous_21)","decl":{"start":{"line":121,"column":10},"end":{"line":121,"column":11}},"loc":{"start":{"line":121,"column":36},"end":{"line":124,"column":null}},"line":121},"22":{"name":"(anonymous_22)","decl":{"start":{"line":125,"column":12},"end":{"line":125,"column":13}},"loc":{"start":{"line":126,"column":6},"end":{"line":129,"column":null}},"line":126},"23":{"name":"(anonymous_23)","decl":{"start":{"line":134,"column":10},"end":{"line":134,"column":11}},"loc":{"start":{"line":135,"column":6},"end":{"line":137,"column":null}},"line":135},"24":{"name":"(anonymous_24)","decl":{"start":{"line":138,"column":10},"end":{"line":138,"column":11}},"loc":{"start":{"line":138,"column":45},"end":{"line":143,"column":null}},"line":138},"25":{"name":"(anonymous_25)","decl":{"start":{"line":144,"column":17},"end":{"line":144,"column":18}},"loc":{"start":{"line":144,"column":36},"end":{"line":151,"column":null}},"line":144},"26":{"name":"(anonymous_26)","decl":{"start":{"line":156,"column":10},"end":{"line":156,"column":11}},"loc":{"start":{"line":156,"column":40},"end":{"line":159,"column":null}},"line":156},"27":{"name":"(anonymous_27)","decl":{"start":{"line":160,"column":11},"end":{"line":160,"column":12}},"loc":{"start":{"line":161,"column":6},"end":{"line":164,"column":null}},"line":161},"28":{"name":"(anonymous_28)","decl":{"start":{"line":165,"column":9},"end":{"line":165,"column":10}},"loc":{"start":{"line":165,"column":25},"end":{"line":165,"column":null}},"line":165},"29":{"name":"(anonymous_29)","decl":{"start":{"line":166,"column":12},"end":{"line":166,"column":13}},"loc":{"start":{"line":166,"column":28},"end":{"line":166,"column":null}},"line":166},"30":{"name":"(anonymous_30)","decl":{"start":{"line":171,"column":10},"end":{"line":171,"column":16}},"loc":{"start":{"line":171,"column":16},"end":{"line":171,"column":null}},"line":171}},"branchMap":{"0":{"loc":{"start":{"line":2,"column":2},"end":{"line":2,"column":null}},"type":"cond-expr","locations":[{"start":{"line":2,"column":63},"end":{"line":2,"column":93}},{"start":{"line":2,"column":93},"end":{"line":2,"column":null}}],"line":2},"1":{"loc":{"start":{"line":2,"column":2},"end":{"line":2,"column":63}},"type":"binary-expr","locations":[{"start":{"line":2,"column":2},"end":{"line":2,"column":36}},{"start":{"line":2,"column":36},"end":{"line":2,"column":63}}],"line":2},"2":{"loc":{"start":{"line":4,"column":40},"end":{"line":4,"column":76}},"type":"default-arg","locations":[{"start":{"line":4,"column":60},"end":{"line":4,"column":76}}],"line":4},"3":{"loc":{"start":{"line":9,"column":2},"end":{"line":12,"column":null}},"type":"if","locations":[{"start":{"line":9,"column":2},"end":{"line":12,"column":null}},{"start":{},"end":{}}],"line":9},"4":{"loc":{"start":{"line":11,"column":20},"end":{"line":11,"column":54}},"type":"binary-expr","locations":[{"start":{"line":11,"column":20},"end":{"line":11,"column":34}},{"start":{"line":11,"column":34},"end":{"line":11,"column":54}}],"line":11},"5":{"loc":{"start":{"line":60,"column":6},"end":{"line":60,"column":null}},"type":"if","locations":[{"start":{"line":60,"column":6},"end":{"line":60,"column":null}},{"start":{},"end":{}}],"line":60},"6":{"loc":{"start":{"line":77,"column":16},"end":{"line":77,"column":null}},"type":"cond-expr","locations":[{"start":{"line":77,"column":33},"end":{"line":77,"column":71}},{"start":{"line":77,"column":71},"end":{"line":77,"column":null}}],"line":77},"7":{"loc":{"start":{"line":122,"column":16},"end":{"line":122,"column":null}},"type":"cond-expr","locations":[{"start":{"line":122,"column":30},"end":{"line":122,"column":82}},{"start":{"line":122,"column":82},"end":{"line":122,"column":null}}],"line":122},"8":{"loc":{"start":{"line":140,"column":6},"end":{"line":140,"column":null}},"type":"if","locations":[{"start":{"line":140,"column":6},"end":{"line":140,"column":null}},{"start":{},"end":{}}],"line":140},"9":{"loc":{"start":{"line":141,"column":6},"end":{"line":141,"column":null}},"type":"if","locations":[{"start":{"line":141,"column":6},"end":{"line":141,"column":null}},{"start":{},"end":{}}],"line":141},"10":{"loc":{"start":{"line":146,"column":6},"end":{"line":146,"column":null}},"type":"if","locations":[{"start":{"line":146,"column":6},"end":{"line":146,"column":null}},{"start":{},"end":{}}],"line":146},"11":{"loc":{"start":{"line":157,"column":16},"end":{"line":157,"column":null}},"type":"cond-expr","locations":[{"start":{"line":157,"column":34},"end":{"line":157,"column":74}},{"start":{"line":157,"column":74},"end":{"line":157,"column":null}}],"line":157}},"s":{"0":1,"1":34,"2":34,"3":3,"4":1,"5":3,"6":31,"7":1,"8":3,"9":2,"10":1,"11":1,"12":1,"13":1,"14":3,"15":3,"16":1,"17":3,"18":1,"19":2,"20":2,"21":1,"22":1,"23":1,"24":1,"25":1,"26":1,"27":1,"28":1,"29":1,"30":1,"31":2,"32":2,"33":1,"34":1,"35":1,"36":1,"37":1,"38":1,"39":1,"40":1,"41":1,"42":1,"43":1,"44":1,"45":2,"46":2,"47":1,"48":1,"49":1,"50":1},"f":{"0":34,"1":1,"2":3,"3":2,"4":1,"5":1,"6":1,"7":1,"8":3,"9":1,"10":2,"11":1,"12":1,"13":1,"14":1,"15":1,"16":1,"17":1,"18":1,"19":1,"20":1,"21":2,"22":1,"23":1,"24":1,"25":1,"26":2,"27":1,"28":1,"29":1,"30":1},"b":{"0":[0,1],"1":[1,1],"2":[34],"3":[3,31],"4":[3,1],"5":[1,2],"6":[1,1],"7":[1,1],"8":[1,0],"9":[1,0],"10":[1,0],"11":[1,1]},"meta":{"lastBranch":12,"lastFunction":31,"lastStatement":51,"seen":{"s:2:2:2:Infinity":0,"b:2:63:2:93:2:93:2:Infinity":0,"b:2:2:2:36:2:36:2:63":1,"f:4:15:4:26":0,"b:4:60:4:76":2,"s:5:14:8:Infinity":1,"b:9:2:12:Infinity:undefined:undefined:undefined:undefined":3,"s:9:2:12:Infinity":2,"s:10:17:10:Infinity":3,"f:10:40:10:47":1,"s:10:47:10:73":4,"s:11:4:11:Infinity":5,"b:11:20:11:34:11:34:11:54":4,"s:13:2:13:Infinity":6,"s:17:19:173:Infinity":7,"f:19:10:19:16":2,"s:19:16:19:Infinity":8,"f:20:9:20:10":3,"s:20:25:20:Infinity":9,"f:21:12:21:13":4,"s:33:6:36:Infinity":10,"f:37:12:37:13":5,"s:38:6:41:Infinity":11,"f:42:12:42:13":6,"s:42:28:42:Infinity":12,"f:43:10:43:11":7,"s:44:6:53:Infinity":13,"f:58:10:58:11":8,"s:59:46:59:Infinity":14,"b:60:6:60:Infinity:undefined:undefined:undefined:undefined":5,"s:60:6:60:Infinity":15,"s:60:21:60:Infinity":16,"s:61:6:65:Infinity":17,"f:67:12:67:13":9,"s:68:6:71:Infinity":18,"f:76:10:76:11":10,"s:77:16:77:Infinity":19,"b:77:33:77:71:77:71:77:Infinity":6,"s:78:6:78:Infinity":20,"f:80:9:80:10":11,"s:80:25:80:Infinity":21,"f:81:12:81:13":12,"s:87:6:90:Infinity":22,"f:91:12:91:13":13,"s:92:6:95:Infinity":23,"f:96:12:96:13":14,"s:96:28:96:Infinity":24,"f:101:9:101:15":15,"s:101:15:101:Infinity":25,"f:102:12:102:13":16,"s:103:6:106:Infinity":26,"f:111:17:111:23":17,"s:111:23:111:Infinity":27,"f:112:15:112:16":18,"s:113:6:113:Infinity":28,"f:114:18:114:19":19,"s:115:6:115:Infinity":29,"f:116:15:116:16":20,"s:116:33:116:Infinity":30,"f:121:10:121:11":21,"s:122:16:122:Infinity":31,"b:122:30:122:82:122:82:122:Infinity":7,"s:123:6:123:Infinity":32,"f:125:12:125:13":22,"s:126:6:129:Infinity":33,"f:134:10:134:11":23,"s:135:6:137:Infinity":34,"f:138:10:138:11":24,"s:139:21:139:Infinity":35,"b:140:6:140:Infinity:undefined:undefined:undefined:undefined":8,"s:140:6:140:Infinity":36,"s:140:16:140:Infinity":37,"b:141:6:141:Infinity:undefined:undefined:undefined:undefined":9,"s:141:6:141:Infinity":38,"s:141:17:141:Infinity":39,"s:142:6:142:Infinity":40,"f:144:17:144:18":25,"s:145:21:145:Infinity":41,"b:146:6:146:Infinity:undefined:undefined:undefined:undefined":10,"s:146:6:146:Infinity":42,"s:146:16:146:Infinity":43,"s:147:6:150:Infinity":44,"f:156:10:156:11":26,"s:157:16:157:Infinity":45,"b:157:34:157:74:157:74:157:Infinity":11,"s:158:6:158:Infinity":46,"f:160:11:160:12":27,"s:161:6:164:Infinity":47,"f:165:9:165:10":28,"s:165:25:165:Infinity":48,"f:166:12:166:13":29,"s:166:28:166:Infinity":49,"f:171:10:171:16":30,"s:171:16:171:Infinity":50}}}
,"/home/nicole/maude/packages/client/src/lib/api/sse.ts": {"path":"/home/nicole/maude/packages/client/src/lib/api/sse.ts","statementMap":{"0":{"start":{"line":11,"column":26},"end":{"line":11,"column":null}},"1":{"start":{"line":12,"column":2},"end":{"line":12,"column":null}},"2":{"start":{"line":13,"column":2},"end":{"line":13,"column":null}},"3":{"start":{"line":16,"column":2},"end":{"line":21,"column":null}},"4":{"start":{"line":23,"column":2},"end":{"line":98,"column":null}},"5":{"start":{"line":24,"column":21},"end":{"line":24,"column":null}},"6":{"start":{"line":26,"column":4},"end":{"line":30,"column":null}},"7":{"start":{"line":27,"column":18},"end":{"line":27,"column":null}},"8":{"start":{"line":27,"column":53},"end":{"line":27,"column":80}},"9":{"start":{"line":28,"column":6},"end":{"line":28,"column":null}},"10":{"start":{"line":29,"column":6},"end":{"line":29,"column":null}},"11":{"start":{"line":33,"column":25},"end":{"line":33,"column":null}},"12":{"start":{"line":34,"column":4},"end":{"line":36,"column":null}},"13":{"start":{"line":35,"column":6},"end":{"line":35,"column":null}},"14":{"start":{"line":39,"column":27},"end":{"line":39,"column":null}},"15":{"start":{"line":40,"column":4},"end":{"line":46,"column":null}},"16":{"start":{"line":48,"column":19},"end":{"line":48,"column":null}},"17":{"start":{"line":49,"column":4},"end":{"line":55,"column":null}},"18":{"start":{"line":50,"column":6},"end":{"line":53,"column":null}},"19":{"start":{"line":54,"column":6},"end":{"line":54,"column":null}},"20":{"start":{"line":57,"column":20},"end":{"line":57,"column":null}},"21":{"start":{"line":58,"column":17},"end":{"line":58,"column":null}},"22":{"start":{"line":60,"column":4},"end":{"line":83,"column":null}},"23":{"start":{"line":61,"column":30},"end":{"line":61,"column":null}},"24":{"start":{"line":62,"column":6},"end":{"line":62,"column":null}},"25":{"start":{"line":62,"column":16},"end":{"line":62,"column":null}},"26":{"start":{"line":64,"column":6},"end":{"line":64,"column":null}},"27":{"start":{"line":65,"column":20},"end":{"line":65,"column":null}},"28":{"start":{"line":66,"column":6},"end":{"line":66,"column":null}},"29":{"start":{"line":68,"column":6},"end":{"line":82,"column":null}},"30":{"start":{"line":69,"column":8},"end":{"line":69,"column":null}},"31":{"start":{"line":69,"column":40},"end":{"line":69,"column":null}},"32":{"start":{"line":70,"column":21},"end":{"line":70,"column":null}},"33":{"start":{"line":71,"column":8},"end":{"line":71,"column":null}},"34":{"start":{"line":71,"column":19},"end":{"line":71,"column":null}},"35":{"start":{"line":73,"column":8},"end":{"line":81,"column":null}},"36":{"start":{"line":74,"column":37},"end":{"line":74,"column":null}},"37":{"start":{"line":75,"column":10},"end":{"line":75,"column":null}},"38":{"start":{"line":78,"column":10},"end":{"line":78,"column":null}},"39":{"start":{"line":86,"column":4},"end":{"line":88,"column":null}},"40":{"start":{"line":87,"column":6},"end":{"line":87,"column":null}},"41":{"start":{"line":90,"column":4},"end":{"line":97,"column":null}},"42":{"start":{"line":91,"column":6},"end":{"line":91,"column":null}},"43":{"start":{"line":93,"column":6},"end":{"line":96,"column":null}},"44":{"start":{"line":102,"column":2},"end":{"line":102,"column":null}},"45":{"start":{"line":103,"column":2},"end":{"line":109,"column":null}},"46":{"start":{"line":104,"column":4},"end":{"line":108,"column":null}},"47":{"start":{"line":105,"column":6},"end":{"line":105,"column":null}}},"fnMap":{"0":{"name":"sendAndStream","decl":{"start":{"line":10,"column":22},"end":{"line":10,"column":36}},"loc":{"start":{"line":10,"column":92},"end":{"line":99,"column":null}},"line":10},"1":{"name":"(anonymous_1)","decl":{"start":{"line":27,"column":46},"end":{"line":27,"column":53}},"loc":{"start":{"line":27,"column":53},"end":{"line":27,"column":80}},"line":27},"2":{"name":"cancelStream","decl":{"start":{"line":101,"column":22},"end":{"line":101,"column":35}},"loc":{"start":{"line":101,"column":74},"end":{"line":110,"column":null}},"line":101}},"branchMap":{"0":{"loc":{"start":{"line":26,"column":4},"end":{"line":30,"column":null}},"type":"if","locations":[{"start":{"line":26,"column":4},"end":{"line":30,"column":null}},{"start":{},"end":{}}],"line":26},"1":{"loc":{"start":{"line":34,"column":4},"end":{"line":36,"column":null}},"type":"if","locations":[{"start":{"line":34,"column":4},"end":{"line":36,"column":null}},{"start":{},"end":{}}],"line":34},"2":{"loc":{"start":{"line":49,"column":4},"end":{"line":55,"column":null}},"type":"if","locations":[{"start":{"line":49,"column":4},"end":{"line":55,"column":null}},{"start":{},"end":{}}],"line":49},"3":{"loc":{"start":{"line":62,"column":6},"end":{"line":62,"column":null}},"type":"if","locations":[{"start":{"line":62,"column":6},"end":{"line":62,"column":null}},{"start":{},"end":{}}],"line":62},"4":{"loc":{"start":{"line":66,"column":15},"end":{"line":66,"column":null}},"type":"binary-expr","locations":[{"start":{"line":66,"column":15},"end":{"line":66,"column":30}},{"start":{"line":66,"column":30},"end":{"line":66,"column":null}}],"line":66},"5":{"loc":{"start":{"line":69,"column":8},"end":{"line":69,"column":null}},"type":"if","locations":[{"start":{"line":69,"column":8},"end":{"line":69,"column":null}},{"start":{},"end":{}}],"line":69},"6":{"loc":{"start":{"line":71,"column":8},"end":{"line":71,"column":null}},"type":"if","locations":[{"start":{"line":71,"column":8},"end":{"line":71,"column":null}},{"start":{},"end":{}}],"line":71},"7":{"loc":{"start":{"line":86,"column":4},"end":{"line":88,"column":null}},"type":"if","locations":[{"start":{"line":86,"column":4},"end":{"line":88,"column":null}},{"start":{},"end":{}}],"line":86},"8":{"loc":{"start":{"line":90,"column":4},"end":{"line":97,"column":null}},"type":"if","locations":[{"start":{"line":90,"column":4},"end":{"line":97,"column":null}},{"start":{"line":92,"column":11},"end":{"line":97,"column":null}}],"line":90},"9":{"loc":{"start":{"line":103,"column":2},"end":{"line":109,"column":null}},"type":"if","locations":[{"start":{"line":103,"column":2},"end":{"line":109,"column":null}},{"start":{},"end":{}}],"line":103}},"s":{"0":10,"1":10,"2":10,"3":10,"4":10,"5":10,"6":8,"7":1,"8":0,"9":1,"10":1,"11":7,"12":7,"13":1,"14":7,"15":7,"16":10,"17":10,"18":1,"19":1,"20":6,"21":6,"22":6,"23":12,"24":12,"25":6,"26":6,"27":6,"28":6,"29":12,"30":10,"31":6,"32":4,"33":4,"34":0,"35":4,"36":4,"37":4,"38":4,"39":6,"40":1,"41":2,"42":1,"43":1,"44":4,"45":4,"46":3,"47":3},"f":{"0":10,"1":0,"2":4},"b":{"0":[1,7],"1":[1,6],"2":[1,9],"3":[6,6],"4":[6,0],"5":[6,4],"6":[0,4],"7":[1,5],"8":[1,1],"9":[3,1]},"meta":{"lastBranch":10,"lastFunction":3,"lastStatement":48,"seen":{"f:10:22:10:36":0,"s:11:26:11:Infinity":0,"s:12:2:12:Infinity":1,"s:13:2:13:Infinity":2,"s:16:2:21:Infinity":3,"s:23:2:98:Infinity":4,"s:24:21:24:Infinity":5,"b:26:4:30:Infinity:undefined:undefined:undefined:undefined":0,"s:26:4:30:Infinity":6,"s:27:18:27:Infinity":7,"f:27:46:27:53":1,"s:27:53:27:80":8,"s:28:6:28:Infinity":9,"s:29:6:29:Infinity":10,"s:33:25:33:Infinity":11,"b:34:4:36:Infinity:undefined:undefined:undefined:undefined":1,"s:34:4:36:Infinity":12,"s:35:6:35:Infinity":13,"s:39:27:39:Infinity":14,"s:40:4:46:Infinity":15,"s:48:19:48:Infinity":16,"b:49:4:55:Infinity:undefined:undefined:undefined:undefined":2,"s:49:4:55:Infinity":17,"s:50:6:53:Infinity":18,"s:54:6:54:Infinity":19,"s:57:20:57:Infinity":20,"s:58:17:58:Infinity":21,"s:60:4:83:Infinity":22,"s:61:30:61:Infinity":23,"b:62:6:62:Infinity:undefined:undefined:undefined:undefined":3,"s:62:6:62:Infinity":24,"s:62:16:62:Infinity":25,"s:64:6:64:Infinity":26,"s:65:20:65:Infinity":27,"s:66:6:66:Infinity":28,"b:66:15:66:30:66:30:66:Infinity":4,"s:68:6:82:Infinity":29,"b:69:8:69:Infinity:undefined:undefined:undefined:undefined":5,"s:69:8:69:Infinity":30,"s:69:40:69:Infinity":31,"s:70:21:70:Infinity":32,"b:71:8:71:Infinity:undefined:undefined:undefined:undefined":6,"s:71:8:71:Infinity":33,"s:71:19:71:Infinity":34,"s:73:8:81:Infinity":35,"s:74:37:74:Infinity":36,"s:75:10:75:Infinity":37,"s:78:10:78:Infinity":38,"b:86:4:88:Infinity:undefined:undefined:undefined:undefined":7,"s:86:4:88:Infinity":39,"s:87:6:87:Infinity":40,"b:90:4:97:Infinity:92:11:97:Infinity":8,"s:90:4:97:Infinity":41,"s:91:6:91:Infinity":42,"s:93:6:96:Infinity":43,"f:101:22:101:35":2,"s:102:2:102:Infinity":44,"b:103:2:109:Infinity:undefined:undefined:undefined:undefined":9,"s:103:2:109:Infinity":45,"s:104:4:108:Infinity":46,"s:105:6:105:Infinity":47}}}
,"/home/nicole/maude/packages/client/src/lib/commands/slash-commands.ts": {"path":"/home/nicole/maude/packages/client/src/lib/commands/slash-commands.ts","statementMap":{"0":{"start":{"line":24,"column":33},"end":{"line":241,"column":null}},"1":{"start":{"line":29,"column":6},"end":{"line":31,"column":null}},"2":{"start":{"line":30,"column":8},"end":{"line":30,"column":null}},"3":{"start":{"line":32,"column":6},"end":{"line":32,"column":null}},"4":{"start":{"line":39,"column":23},"end":{"line":39,"column":null}},"5":{"start":{"line":39,"column":43},"end":{"line":39,"column":74}},"6":{"start":{"line":40,"column":6},"end":{"line":47,"column":null}},"7":{"start":{"line":41,"column":8},"end":{"line":46,"column":null}},"8":{"start":{"line":48,"column":6},"end":{"line":48,"column":null}},"9":{"start":{"line":55,"column":6},"end":{"line":55,"column":null}},"10":{"start":{"line":56,"column":6},"end":{"line":56,"column":null}},"11":{"start":{"line":57,"column":6},"end":{"line":57,"column":null}},"12":{"start":{"line":64,"column":6},"end":{"line":64,"column":null}},"13":{"start":{"line":65,"column":6},"end":{"line":65,"column":null}},"14":{"start":{"line":72,"column":19},"end":{"line":72,"column":null}},"15":{"start":{"line":73,"column":6},"end":{"line":97,"column":null}},"16":{"start":{"line":74,"column":28},"end":{"line":81,"column":null}},"17":{"start":{"line":82,"column":8},"end":{"line":84,"column":null}},"18":{"start":{"line":83,"column":10},"end":{"line":83,"column":null}},"19":{"start":{"line":87,"column":23},"end":{"line":94,"column":null}},"20":{"start":{"line":95,"column":20},"end":{"line":95,"column":null}},"21":{"start":{"line":96,"column":8},"end":{"line":96,"column":null}},"22":{"start":{"line":98,"column":6},"end":{"line":98,"column":null}},"23":{"start":{"line":105,"column":23},"end":{"line":105,"column":null}},"24":{"start":{"line":106,"column":47},"end":{"line":110,"column":null}},"25":{"start":{"line":111,"column":22},"end":{"line":111,"column":null}},"26":{"start":{"line":112,"column":6},"end":{"line":117,"column":null}},"27":{"start":{"line":113,"column":8},"end":{"line":113,"column":null}},"28":{"start":{"line":114,"column":8},"end":{"line":116,"column":null}},"29":{"start":{"line":115,"column":10},"end":{"line":115,"column":null}},"30":{"start":{"line":118,"column":6},"end":{"line":118,"column":null}},"31":{"start":{"line":125,"column":6},"end":{"line":131,"column":null}},"32":{"start":{"line":126,"column":24},"end":{"line":126,"column":null}},"33":{"start":{"line":127,"column":8},"end":{"line":127,"column":null}},"34":{"start":{"line":128,"column":8},"end":{"line":130,"column":null}},"35":{"start":{"line":129,"column":10},"end":{"line":129,"column":null}},"36":{"start":{"line":132,"column":6},"end":{"line":132,"column":null}},"37":{"start":{"line":139,"column":19},"end":{"line":139,"column":null}},"38":{"start":{"line":140,"column":25},"end":{"line":140,"column":null}},"39":{"start":{"line":141,"column":6},"end":{"line":143,"column":null}},"40":{"start":{"line":142,"column":8},"end":{"line":142,"column":null}},"41":{"start":{"line":144,"column":6},"end":{"line":144,"column":null}},"42":{"start":{"line":151,"column":6},"end":{"line":165,"column":null}},"43":{"start":{"line":152,"column":8},"end":{"line":164,"column":null}},"44":{"start":{"line":153,"column":22},"end":{"line":153,"column":null}},"45":{"start":{"line":154,"column":20},"end":{"line":154,"column":null}},"46":{"start":{"line":155,"column":22},"end":{"line":155,"column":null}},"47":{"start":{"line":156,"column":10},"end":{"line":161,"column":null}},"48":{"start":{"line":166,"column":6},"end":{"line":166,"column":null}},"49":{"start":{"line":173,"column":20},"end":{"line":179,"column":null}},"50":{"start":{"line":180,"column":6},"end":{"line":186,"column":null}},"51":{"start":{"line":181,"column":8},"end":{"line":181,"column":null}},"52":{"start":{"line":182,"column":8},"end":{"line":182,"column":null}},"53":{"start":{"line":183,"column":8},"end":{"line":185,"column":null}},"54":{"start":{"line":184,"column":10},"end":{"line":184,"column":null}},"55":{"start":{"line":187,"column":6},"end":{"line":192,"column":null}},"56":{"start":{"line":193,"column":6},"end":{"line":193,"column":null}},"57":{"start":{"line":200,"column":6},"end":{"line":200,"column":null}},"58":{"start":{"line":201,"column":6},"end":{"line":201,"column":null}},"59":{"start":{"line":209,"column":6},"end":{"line":209,"column":null}},"60":{"start":{"line":216,"column":6},"end":{"line":216,"column":null}},"61":{"start":{"line":223,"column":6},"end":{"line":227,"column":null}},"62":{"start":{"line":234,"column":20},"end":{"line":234,"column":null}},"63":{"start":{"line":235,"column":18},"end":{"line":237,"column":null}},"64":{"start":{"line":238,"column":6},"end":{"line":238,"column":null}},"65":{"start":{"line":244,"column":24},"end":{"line":244,"column":null}},"66":{"start":{"line":244,"column":45},"end":{"line":244,"column":90}},"67":{"start":{"line":247,"column":14},"end":{"line":247,"column":null}},"68":{"start":{"line":247,"column":35},"end":{"line":247,"column":50}},"69":{"start":{"line":248,"column":2},"end":{"line":248,"column":null}},"70":{"start":{"line":248,"column":12},"end":{"line":248,"column":null}},"71":{"start":{"line":250,"column":17},"end":{"line":250,"column":null}},"72":{"start":{"line":252,"column":2},"end":{"line":255,"column":null}},"73":{"start":{"line":253,"column":4},"end":{"line":253,"column":null}},"74":{"start":{"line":254,"column":4},"end":{"line":254,"column":null}},"75":{"start":{"line":256,"column":2},"end":{"line":256,"column":null}}},"fnMap":{"0":{"name":"(anonymous_0)","decl":{"start":{"line":28,"column":13},"end":{"line":28,"column":19}},"loc":{"start":{"line":28,"column":19},"end":{"line":33,"column":null}},"line":28},"1":{"name":"(anonymous_1)","decl":{"start":{"line":38,"column":13},"end":{"line":38,"column":19}},"loc":{"start":{"line":38,"column":19},"end":{"line":49,"column":null}},"line":38},"2":{"name":"(anonymous_2)","decl":{"start":{"line":39,"column":36},"end":{"line":39,"column":37}},"loc":{"start":{"line":39,"column":43},"end":{"line":39,"column":74}},"line":39},"3":{"name":"(anonymous_3)","decl":{"start":{"line":54,"column":13},"end":{"line":54,"column":19}},"loc":{"start":{"line":54,"column":19},"end":{"line":58,"column":null}},"line":54},"4":{"name":"(anonymous_4)","decl":{"start":{"line":63,"column":13},"end":{"line":63,"column":19}},"loc":{"start":{"line":63,"column":19},"end":{"line":66,"column":null}},"line":63},"5":{"name":"(anonymous_5)","decl":{"start":{"line":71,"column":13},"end":{"line":71,"column":14}},"loc":{"start":{"line":71,"column":22},"end":{"line":99,"column":null}},"line":71},"6":{"name":"(anonymous_6)","decl":{"start":{"line":104,"column":13},"end":{"line":104,"column":14}},"loc":{"start":{"line":104,"column":22},"end":{"line":119,"column":null}},"line":104},"7":{"name":"(anonymous_7)","decl":{"start":{"line":124,"column":13},"end":{"line":124,"column":19}},"loc":{"start":{"line":124,"column":19},"end":{"line":133,"column":null}},"line":124},"8":{"name":"(anonymous_8)","decl":{"start":{"line":138,"column":13},"end":{"line":138,"column":14}},"loc":{"start":{"line":138,"column":22},"end":{"line":145,"column":null}},"line":138},"9":{"name":"(anonymous_9)","decl":{"start":{"line":150,"column":13},"end":{"line":150,"column":20}},"loc":{"start":{"line":150,"column":28},"end":{"line":167,"column":null}},"line":150},"10":{"name":"(anonymous_10)","decl":{"start":{"line":172,"column":13},"end":{"line":172,"column":19}},"loc":{"start":{"line":172,"column":19},"end":{"line":194,"column":null}},"line":172},"11":{"name":"(anonymous_11)","decl":{"start":{"line":199,"column":13},"end":{"line":199,"column":19}},"loc":{"start":{"line":199,"column":19},"end":{"line":202,"column":null}},"line":199},"12":{"name":"(anonymous_12)","decl":{"start":{"line":207,"column":13},"end":{"line":207,"column":14}},"loc":{"start":{"line":207,"column":22},"end":{"line":210,"column":null}},"line":207},"13":{"name":"(anonymous_13)","decl":{"start":{"line":215,"column":13},"end":{"line":215,"column":19}},"loc":{"start":{"line":215,"column":19},"end":{"line":217,"column":null}},"line":215},"14":{"name":"(anonymous_14)","decl":{"start":{"line":222,"column":13},"end":{"line":222,"column":19}},"loc":{"start":{"line":222,"column":19},"end":{"line":228,"column":null}},"line":222},"15":{"name":"(anonymous_15)","decl":{"start":{"line":233,"column":13},"end":{"line":233,"column":14}},"loc":{"start":{"line":233,"column":22},"end":{"line":239,"column":null}},"line":233},"16":{"name":"(anonymous_16)","decl":{"start":{"line":244,"column":37},"end":{"line":244,"column":38}},"loc":{"start":{"line":244,"column":45},"end":{"line":244,"column":90}},"line":244},"17":{"name":"executeSlashCommand","decl":{"start":{"line":246,"column":16},"end":{"line":246,"column":36}},"loc":{"start":{"line":246,"column":96},"end":{"line":257,"column":null}},"line":246},"18":{"name":"(anonymous_18)","decl":{"start":{"line":247,"column":28},"end":{"line":247,"column":29}},"loc":{"start":{"line":247,"column":35},"end":{"line":247,"column":50}},"line":247}},"branchMap":{"0":{"loc":{"start":{"line":29,"column":6},"end":{"line":31,"column":null}},"type":"if","locations":[{"start":{"line":29,"column":6},"end":{"line":31,"column":null}},{"start":{},"end":{}}],"line":29},"1":{"loc":{"start":{"line":40,"column":6},"end":{"line":47,"column":null}},"type":"if","locations":[{"start":{"line":40,"column":6},"end":{"line":47,"column":null}},{"start":{},"end":{}}],"line":40},"2":{"loc":{"start":{"line":73,"column":6},"end":{"line":97,"column":null}},"type":"if","locations":[{"start":{"line":73,"column":6},"end":{"line":97,"column":null}},{"start":{"line":85,"column":13},"end":{"line":97,"column":null}}],"line":73},"3":{"loc":{"start":{"line":82,"column":8},"end":{"line":84,"column":null}},"type":"if","locations":[{"start":{"line":82,"column":8},"end":{"line":84,"column":null}},{"start":{},"end":{}}],"line":82},"4":{"loc":{"start":{"line":111,"column":22},"end":{"line":111,"column":null}},"type":"binary-expr","locations":[{"start":{"line":111,"column":22},"end":{"line":111,"column":44}},{"start":{"line":111,"column":44},"end":{"line":111,"column":null}}],"line":111},"5":{"loc":{"start":{"line":112,"column":6},"end":{"line":117,"column":null}},"type":"if","locations":[{"start":{"line":112,"column":6},"end":{"line":117,"column":null}},{"start":{},"end":{}}],"line":112},"6":{"loc":{"start":{"line":114,"column":8},"end":{"line":116,"column":null}},"type":"if","locations":[{"start":{"line":114,"column":8},"end":{"line":116,"column":null}},{"start":{},"end":{}}],"line":114},"7":{"loc":{"start":{"line":125,"column":6},"end":{"line":131,"column":null}},"type":"if","locations":[{"start":{"line":125,"column":6},"end":{"line":131,"column":null}},{"start":{},"end":{}}],"line":125},"8":{"loc":{"start":{"line":128,"column":8},"end":{"line":130,"column":null}},"type":"if","locations":[{"start":{"line":128,"column":8},"end":{"line":130,"column":null}},{"start":{},"end":{}}],"line":128},"9":{"loc":{"start":{"line":141,"column":6},"end":{"line":143,"column":null}},"type":"if","locations":[{"start":{"line":141,"column":6},"end":{"line":143,"column":null}},{"start":{},"end":{}}],"line":141},"10":{"loc":{"start":{"line":151,"column":6},"end":{"line":165,"column":null}},"type":"if","locations":[{"start":{"line":151,"column":6},"end":{"line":165,"column":null}},{"start":{},"end":{}}],"line":151},"11":{"loc":{"start":{"line":174,"column":20},"end":{"line":174,"column":51}},"type":"binary-expr","locations":[{"start":{"line":174,"column":20},"end":{"line":174,"column":45}},{"start":{"line":174,"column":45},"end":{"line":174,"column":51}}],"line":174},"12":{"loc":{"start":{"line":180,"column":6},"end":{"line":186,"column":null}},"type":"if","locations":[{"start":{"line":180,"column":6},"end":{"line":186,"column":null}},{"start":{},"end":{}}],"line":180},"13":{"loc":{"start":{"line":183,"column":8},"end":{"line":185,"column":null}},"type":"if","locations":[{"start":{"line":183,"column":8},"end":{"line":185,"column":null}},{"start":{},"end":{}}],"line":183},"14":{"loc":{"start":{"line":235,"column":18},"end":{"line":237,"column":null}},"type":"cond-expr","locations":[{"start":{"line":236,"column":10},"end":{"line":236,"column":null}},{"start":{"line":237,"column":10},"end":{"line":237,"column":null}}],"line":235},"15":{"loc":{"start":{"line":248,"column":2},"end":{"line":248,"column":null}},"type":"if","locations":[{"start":{"line":248,"column":2},"end":{"line":248,"column":null}},{"start":{},"end":{}}],"line":248},"16":{"loc":{"start":{"line":252,"column":2},"end":{"line":255,"column":null}},"type":"if","locations":[{"start":{"line":252,"column":2},"end":{"line":255,"column":null}},{"start":{},"end":{}}],"line":252}},"s":{"0":1,"1":1,"2":1,"3":1,"4":1,"5":15,"6":1,"7":1,"8":1,"9":1,"10":1,"11":1,"12":1,"13":1,"14":3,"15":3,"16":2,"17":2,"18":1,"19":1,"20":1,"21":1,"22":3,"23":4,"24":4,"25":4,"26":4,"27":4,"28":4,"29":4,"30":4,"31":1,"32":1,"33":1,"34":1,"35":1,"36":1,"37":2,"38":2,"39":2,"40":1,"41":2,"42":1,"43":1,"44":1,"45":1,"46":1,"47":1,"48":1,"49":1,"50":1,"51":1,"52":1,"53":1,"54":1,"55":1,"56":1,"57":1,"58":1,"59":1,"60":1,"61":1,"62":2,"63":2,"64":2,"65":1,"66":15,"67":23,"68":186,"69":23,"70":1,"71":22,"72":22,"73":1,"74":1,"75":21},"f":{"0":1,"1":1,"2":15,"3":1,"4":1,"5":3,"6":4,"7":1,"8":2,"9":1,"10":1,"11":1,"12":1,"13":1,"14":1,"15":2,"16":15,"17":23,"18":186},"b":{"0":[1,0],"1":[1,0],"2":[2,1],"3":[1,1],"4":[4,1],"5":[4,0],"6":[4,0],"7":[1,0],"8":[1,0],"9":[1,1],"10":[1,0],"11":[1,0],"12":[1,0],"13":[1,0],"14":[1,1],"15":[1,22],"16":[1,21]},"meta":{"lastBranch":17,"lastFunction":19,"lastStatement":76,"seen":{"s:24:33:241:Infinity":0,"f:28:13:28:19":0,"b:29:6:31:Infinity:undefined:undefined:undefined:undefined":0,"s:29:6:31:Infinity":1,"s:30:8:30:Infinity":2,"s:32:6:32:Infinity":3,"f:38:13:38:19":1,"s:39:23:39:Infinity":4,"f:39:36:39:37":2,"s:39:43:39:74":5,"b:40:6:47:Infinity:undefined:undefined:undefined:undefined":1,"s:40:6:47:Infinity":6,"s:41:8:46:Infinity":7,"s:48:6:48:Infinity":8,"f:54:13:54:19":3,"s:55:6:55:Infinity":9,"s:56:6:56:Infinity":10,"s:57:6:57:Infinity":11,"f:63:13:63:19":4,"s:64:6:64:Infinity":12,"s:65:6:65:Infinity":13,"f:71:13:71:14":5,"s:72:19:72:Infinity":14,"b:73:6:97:Infinity:85:13:97:Infinity":2,"s:73:6:97:Infinity":15,"s:74:28:81:Infinity":16,"b:82:8:84:Infinity:undefined:undefined:undefined:undefined":3,"s:82:8:84:Infinity":17,"s:83:10:83:Infinity":18,"s:87:23:94:Infinity":19,"s:95:20:95:Infinity":20,"s:96:8:96:Infinity":21,"s:98:6:98:Infinity":22,"f:104:13:104:14":6,"s:105:23:105:Infinity":23,"s:106:47:110:Infinity":24,"s:111:22:111:Infinity":25,"b:111:22:111:44:111:44:111:Infinity":4,"b:112:6:117:Infinity:undefined:undefined:undefined:undefined":5,"s:112:6:117:Infinity":26,"s:113:8:113:Infinity":27,"b:114:8:116:Infinity:undefined:undefined:undefined:undefined":6,"s:114:8:116:Infinity":28,"s:115:10:115:Infinity":29,"s:118:6:118:Infinity":30,"f:124:13:124:19":7,"b:125:6:131:Infinity:undefined:undefined:undefined:undefined":7,"s:125:6:131:Infinity":31,"s:126:24:126:Infinity":32,"s:127:8:127:Infinity":33,"b:128:8:130:Infinity:undefined:undefined:undefined:undefined":8,"s:128:8:130:Infinity":34,"s:129:10:129:Infinity":35,"s:132:6:132:Infinity":36,"f:138:13:138:14":8,"s:139:19:139:Infinity":37,"s:140:25:140:Infinity":38,"b:141:6:143:Infinity:undefined:undefined:undefined:undefined":9,"s:141:6:143:Infinity":39,"s:142:8:142:Infinity":40,"s:144:6:144:Infinity":41,"f:150:13:150:20":9,"b:151:6:165:Infinity:undefined:undefined:undefined:undefined":10,"s:151:6:165:Infinity":42,"s:152:8:164:Infinity":43,"s:153:22:153:Infinity":44,"s:154:20:154:Infinity":45,"s:155:22:155:Infinity":46,"s:156:10:161:Infinity":47,"s:166:6:166:Infinity":48,"f:172:13:172:19":10,"s:173:20:179:Infinity":49,"b:174:20:174:45:174:45:174:51":11,"b:180:6:186:Infinity:undefined:undefined:undefined:undefined":12,"s:180:6:186:Infinity":50,"s:181:8:181:Infinity":51,"s:182:8:182:Infinity":52,"b:183:8:185:Infinity:undefined:undefined:undefined:undefined":13,"s:183:8:185:Infinity":53,"s:184:10:184:Infinity":54,"s:187:6:192:Infinity":55,"s:193:6:193:Infinity":56,"f:199:13:199:19":11,"s:200:6:200:Infinity":57,"s:201:6:201:Infinity":58,"f:207:13:207:14":12,"s:209:6:209:Infinity":59,"f:215:13:215:19":13,"s:216:6:216:Infinity":60,"f:222:13:222:19":14,"s:223:6:227:Infinity":61,"f:233:13:233:14":15,"s:234:20:234:Infinity":62,"s:235:18:237:Infinity":63,"b:236:10:236:Infinity:237:10:237:Infinity":14,"s:238:6:238:Infinity":64,"s:244:24:244:Infinity":65,"f:244:37:244:38":16,"s:244:45:244:90":66,"f:246:16:246:36":17,"s:247:14:247:Infinity":67,"f:247:28:247:29":18,"s:247:35:247:50":68,"b:248:2:248:Infinity:undefined:undefined:undefined:undefined":15,"s:248:2:248:Infinity":69,"s:248:12:248:Infinity":70,"s:250:17:250:Infinity":71,"b:252:2:255:Infinity:undefined:undefined:undefined:undefined":16,"s:252:2:255:Infinity":72,"s:253:4:253:Infinity":73,"s:254:4:254:Infinity":74,"s:256:2:256:Infinity":75}}}
,"/home/nicole/maude/packages/client/src/lib/utils/markdown.ts": {"path":"/home/nicole/maude/packages/client/src/lib/utils/markdown.ts","statementMap":{"0":{"start":{"line":5,"column":0},"end":{"line":8,"column":null}},"1":{"start":{"line":15,"column":14},"end":{"line":15,"column":null}},"2":{"start":{"line":16,"column":2},"end":{"line":32,"column":null}},"3":{"start":{"line":40,"column":2},"end":{"line":40,"column":null}},"4":{"start":{"line":40,"column":15},"end":{"line":40,"column":null}},"5":{"start":{"line":42,"column":13},"end":{"line":42,"column":null}},"6":{"start":{"line":45,"column":2},"end":{"line":47,"column":null}},"7":{"start":{"line":46,"column":4},"end":{"line":46,"column":null}},"8":{"start":{"line":50,"column":2},"end":{"line":50,"column":null}},"9":{"start":{"line":53,"column":2},"end":{"line":53,"column":null}},"10":{"start":{"line":56,"column":2},"end":{"line":56,"column":null}},"11":{"start":{"line":59,"column":2},"end":{"line":59,"column":null}},"12":{"start":{"line":60,"column":2},"end":{"line":60,"column":null}},"13":{"start":{"line":61,"column":2},"end":{"line":61,"column":null}},"14":{"start":{"line":64,"column":2},"end":{"line":67,"column":null}},"15":{"start":{"line":70,"column":2},"end":{"line":70,"column":null}},"16":{"start":{"line":73,"column":2},"end":{"line":73,"column":null}},"17":{"start":{"line":76,"column":2},"end":{"line":76,"column":null}},"18":{"start":{"line":78,"column":2},"end":{"line":78,"column":null}},"19":{"start":{"line":82,"column":2},"end":{"line":86,"column":null}}},"fnMap":{"0":{"name":"renderMarkdown","decl":{"start":{"line":14,"column":22},"end":{"line":14,"column":37}},"loc":{"start":{"line":14,"column":70},"end":{"line":33,"column":null}},"line":14},"1":{"name":"renderMarkdownPartial","decl":{"start":{"line":39,"column":16},"end":{"line":39,"column":38}},"loc":{"start":{"line":39,"column":62},"end":{"line":79,"column":null}},"line":39},"2":{"name":"(anonymous_2)","decl":{"start":{"line":45,"column":50},"end":{"line":45,"column":51}},"loc":{"start":{"line":45,"column":74},"end":{"line":47,"column":3}},"line":45},"3":{"name":"escapeHtml","decl":{"start":{"line":81,"column":9},"end":{"line":81,"column":20}},"loc":{"start":{"line":81,"column":41},"end":{"line":87,"column":null}},"line":81}},"branchMap":{"0":{"loc":{"start":{"line":40,"column":2},"end":{"line":40,"column":null}},"type":"if","locations":[{"start":{"line":40,"column":2},"end":{"line":40,"column":null}},{"start":{},"end":{}}],"line":40},"1":{"loc":{"start":{"line":46,"column":61},"end":{"line":46,"column":75}},"type":"binary-expr","locations":[{"start":{"line":46,"column":61},"end":{"line":46,"column":69}},{"start":{"line":46,"column":69},"end":{"line":46,"column":75}}],"line":46}},"s":{"0":1,"1":7,"2":7,"3":17,"4":1,"5":16,"6":16,"7":2,"8":16,"9":16,"10":16,"11":16,"12":16,"13":16,"14":16,"15":16,"16":16,"17":16,"18":16,"19":16},"f":{"0":7,"1":17,"2":2,"3":16},"b":{"0":[1,16],"1":[2,1]},"meta":{"lastBranch":2,"lastFunction":4,"lastStatement":20,"seen":{"s:5:0:8:Infinity":0,"f:14:22:14:37":0,"s:15:14:15:Infinity":1,"s:16:2:32:Infinity":2,"f:39:16:39:38":1,"b:40:2:40:Infinity:undefined:undefined:undefined:undefined":0,"s:40:2:40:Infinity":3,"s:40:15:40:Infinity":4,"s:42:13:42:Infinity":5,"s:45:2:47:Infinity":6,"f:45:50:45:51":2,"s:46:4:46:Infinity":7,"b:46:61:46:69:46:69:46:75":1,"s:50:2:50:Infinity":8,"s:53:2:53:Infinity":9,"s:56:2:56:Infinity":10,"s:59:2:59:Infinity":11,"s:60:2:60:Infinity":12,"s:61:2:61:Infinity":13,"s:64:2:67:Infinity":14,"s:70:2:70:Infinity":15,"s:73:2:73:Infinity":16,"s:76:2:76:Infinity":17,"s:78:2:78:Infinity":18,"f:81:9:81:20":3,"s:82:2:86:Infinity":19}}}
}
